<?xml version="1.0" encoding="UTF-8"?>
<!-- Generated by org.testng.reporters.JUnitReportReporter -->
<testsuite hostname="LAPTOP-ECIVHE0M" failures="0" tests="2" name="POM.CapstoneProject01.SelectHotelTest" time="30.624" errors="0" timestamp="2025-01-23T14:09:02 IST" skipped="0">
  <testcase classname="POM.CapstoneProject01.SelectHotelTest" name="testSelectHotelAndContinue" time="16.174"/>
  <system-out/>
  <testcase classname="POM.CapstoneProject01.SelectHotelTest" name="testSelectHotelAndCancel" time="14.450"/>
  <system-out/>
</testsuite> <!-- POM.CapstoneProject01.SelectHotelTest -->
