<?xml version="1.0" encoding="UTF-8"?>
<!-- Generated by org.testng.reporters.JUnitReportReporter -->
<testsuite hostname="LAPTOP-ECIVHE0M" failures="0" tests="6" name="POM.CapstoneProject01.BookedItineraryTest" time="41.077" errors="0" timestamp="2025-01-23T14:13:30 IST" skipped="0">
  <testcase classname="POM.CapstoneProject01.BookedItineraryTest" name="searchAndSelectHotel" time="16.109"/>
  <system-out/>
  <testcase classname="POM.CapstoneProject01.BookedItineraryTest" name="testBookHotelWithAllFields" time="12.534"/>
  <system-out/>
  <testcase classname="POM.CapstoneProject01.BookedItineraryTest" name="testCancelSelectedHotel" time="3.328"/>
  <system-out/>
  <testcase classname="POM.CapstoneProject01.BookedItineraryTest" name="testSearchOrderId" time="3.846"/>
  <system-out/>
  <testcase classname="POM.CapstoneProject01.BookedItineraryTest" name="testSearchOrderIdAndClickShowAll" time="1.453"/>
  <system-out/>
  <testcase classname="POM.CapstoneProject01.BookedItineraryTest" name="testCancelButtonInTable" time="3.807"/>
  <system-out/>
</testsuite> <!-- POM.CapstoneProject01.BookedItineraryTest -->
