<?xml version="1.0" encoding="UTF-8"?>
<!-- Generated by org.testng.reporters.JUnitReportReporter -->
<testsuite hostname="LAPTOP-ECIVHE0M" failures="0" tests="2" name="POM.CapstoneProject01.SearchHotelTest" time="22.943" errors="0" timestamp="2025-01-23T14:08:12 IST" skipped="0">
  <testcase classname="POM.CapstoneProject01.SearchHotelTest" name="testSearchHotelWithAllFields" time="11.291"/>
  <system-out/>
  <testcase classname="POM.CapstoneProject01.SearchHotelTest" name="testSearchHotelWithoutMandatoryFields" time="11.652"/>
  <system-out/>
</testsuite> <!-- POM.CapstoneProject01.SearchHotelTest -->
