<?xml version="1.0" encoding="UTF-8"?>
<!-- Generated by org.testng.reporters.JUnitReportReporter -->
<testsuite hostname="LAPTOP-ECIVHE0M" failures="0" tests="2" name="POM.CapstoneProject01.LoginTest" time="4.425" errors="0" timestamp="2025-01-23T14:06:48 IST" skipped="0">
  <testcase classname="POM.CapstoneProject01.LoginTest" name="testLoginFunctionalityWithValidCredentials" time="2.096"/>
  <system-out/>
  <testcase classname="POM.CapstoneProject01.LoginTest" name="testLoginFunctionalityWithInvalidCredentials" time="2.329"/>
  <system-out/>
</testsuite> <!-- POM.CapstoneProject01.LoginTest -->
