<?xml version="1.0" encoding="UTF-8"?>
<!-- Generated by org.testng.reporters.JUnitReportReporter -->
<testsuite hostname="LAPTOP-ECIVHE0M" failures="0" tests="3" name="POM.CapstoneProject01.BookHotelTest" time="36.859" errors="0" timestamp="2025-01-23T14:10:46 IST" skipped="0">
  <testcase classname="POM.CapstoneProject01.BookHotelTest" name="searchAndSelectHotel" time="16.353"/>
  <system-out/>
  <testcase classname="POM.CapstoneProject01.BookHotelTest" name="testBookHotelWithoutMandatoryFields" time="4.464"/>
  <system-out/>
  <testcase classname="POM.CapstoneProject01.BookHotelTest" name="testBookHotelWithAllFields" time="16.042"/>
  <system-out/>
</testsuite> <!-- POM.CapstoneProject01.BookHotelTest -->
